<?xml version="1.0" encoding="UTF-8"?>
<!-- Generated by org.testng.reporters.JUnitReportReporter -->
<testsuite hostname="Kerem-MBP" failures="0" tests="2" name="com.automation.test.AppTest" time="743.049" errors="0" timestamp="11 May 2021 11:47:30 GMT" skipped="0">
  <testcase classname="com.automation.test.AppTest" name="scrollToBottom" time="433.631"/>
  <testcase classname="com.automation.test.AppTest" name="scrollToBottom" time="309.418"/>
</testsuite> <!-- com.automation.test.AppTest -->
