<?xml version="1.0" encoding="UTF-8"?>
<!-- Generated by org.testng.reporters.JUnitReportReporter -->
<testsuite hostname="Kerem-MBP" failures="0" tests="4" name="com.uiautomation.test.MainPageTest" time="1073.264" errors="0" timestamp="11 May 2021 17:11:02 GMT" skipped="0">
  <testcase classname="com.uiautomation.test.MainPageTest" name="scrollToBottom" time="368.811"/>
  <testcase classname="com.uiautomation.test.MainPageTest" name="scrollToBottom" time="414.640"/>
  <testcase classname="com.uiautomation.test.MainPageTest" name="checkAllCompanyLinks" time="241.389"/>
  <testcase classname="com.uiautomation.test.MainPageTest" name="checkImgLoadTimes" time="48.424"/>
</testsuite> <!-- com.uiautomation.test.MainPageTest -->
