<?xml version="1.0" encoding="UTF-8"?>
<!-- Generated by org.testng.reporters.JUnitReportReporter -->
<testsuite hostname="Kerem-MBP" failures="0" tests="2" name="com.automation.test.CompaniesStatusCodeTest" time="352.813" errors="0" timestamp="11 May 2021 11:47:30 GMT" skipped="0">
  <testcase classname="com.automation.test.CompaniesStatusCodeTest" name="checkAllCompanyLinks" time="303.074"/>
  <testcase classname="com.automation.test.CompaniesStatusCodeTest" name="checkImgLoadTimes" time="49.739"/>
</testsuite> <!-- com.automation.test.CompaniesStatusCodeTest -->
